{
  "RSpec": {
    "coverage": {
      "/home/amura/change1/clone/Resource_booking/config/environment.rb": [
        null,
        1,
        null,
        null,
        1
      ],
      "/home/amura/change1/clone/Resource_booking/config/application.rb": [
        1,
        null,
        1,
        null,
        null,
        null,
        1,
        null,
        1,
        1,
        null,
        null,
        null,
        null,
        null,
        null,
        null,
        null,
        null,
        null,
        null,
        null,
        null,
        1,
        null,
        null
      ],
      "/home/amura/change1/clone/Resource_booking/config/boot.rb": [
        1,
        null,
        1
      ],
      "/home/amura/change1/clone/Resource_booking/config/environments/test.rb": [
        1,
        null,
        null,
        null,
        null,
        null,
        null,
        1,
        null,
        null,
        null,
        null,
        1,
        null,
        null,
        1,
        1,
        null,
        null,
        1,
        1,
        null,
        null,
        1,
        null,
        null,
        1,
        null,
        null,
        null,
        null,
        1,
        null,
        null,
        1,
        null,
        null,
        1,
        null,
        null,
        null,
        null
      ],
      "/home/amura/change1/clone/Resource_booking/config/initializers/assets.rb": [
        null,
        null,
        null,
        1,
        null,
        null,
        null,
        null,
        null,
        null,
        null
      ],
      "/home/amura/change1/clone/Resource_booking/config/initializers/backtrace_silencers.rb": [
        null,
        null,
        null,
        null,
        null,
        null,
        null
      ],
      "/home/amura/change1/clone/Resource_booking/config/initializers/cookies_serializer.rb": [
        null,
        null,
        1
      ],
      "/home/amura/change1/clone/Resource_booking/config/initializers/devise.rb": [
        null,
        null,
        1,
        null,
        null,
        null,
        null,
        null,
        null,
        null,
        null,
        null,
        null,
        null,
        null,
        null,
        1,
        null,
        null,
        null,
        null,
        null,
        null,
        null,
        null,
        null,
        null,
        null,
        1,
        null,
        null,
        null,
        null,
        null,
        null,
        null,
        null,
        null,
        null,
        null,
        null,
        null,
        null,
        null,
        null,
        null,
        null,
        null,
        null,
        null,
        1,
        null,
        null,
        null,
        null,
        1,
        null,
        null,
        null,
        null,
        null,
        null,
        null,
        null,
        null,
        null,
        null,
        null,
        null,
        null,
        null,
        null,
        null,
        null,
        null,
        null,
        null,
        null,
        null,
        null,
        null,
        null,
        null,
        null,
        null,
        null,
        1,
        null,
        null,
        null,
        null,
        null,
        null,
        null,
        null,
        null,
        null,
        null,
        null,
        null,
        null,
        null,
        null,
        null,
        null,
        null,
        null,
        null,
        null,
        1,
        1,
        null,
        null,
        null,
        null,
        null,
        null,
        null,
        null,
        null,
        null,
        null,
        null,
        null,
        null,
        null,
        null,
        null,
        null,
        null,
        null,
        null,
        null,
        null,
        null,
        null,
        null,
        null,
        null,
        1,
        null,
        null,
        null,
        null,
        null,
        null,
        null,
        null,
        null,
        1,
        null,
        null,
        null,
        null,
        null,
        null,
        null,
        null,
        null,
        null,
        1,
        null,
        null,
        null,
        null,
        1,
        null,
        null,
        null,
        null,
        null,
        null,
        null,
        null,
        null,
        null,
        null,
        null,
        null,
        null,
        null,
        null,
        null,
        null,
        null,
        null,
        null,
        null,
        null,
        null,
        null,
        null,
        null,
        null,
        null,
        null,
        null,
        null,
        null,
        null,
        null,
        null,
        null,
        null,
        null,
        null,
        1,
        null,
        null,
        null,
        null,
        null,
        null,
        null,
        null,
        null,
        null,
        null,
        null,
        null,
        null,
        null,
        null,
        null,
        null,
        null,
        null,
        1,
        null,
        null,
        null,
        null,
        null,
        null,
        null,
        null,
        null,
        null,
        null,
        null,
        null,
        null,
        null,
        null,
        null,
        null,
        null,
        null,
        null,
        null,
        1,
        null,
        null,
        null,
        null,
        null,
        null,
        null,
        null,
        null,
        null,
        null,
        null,
        null,
        null,
        null,
        null,
        null,
        null,
        null,
        null,
        null,
        null,
        null,
        null,
        null,
        null,
        null,
        null,
        null
      ],
      "/home/amura/change1/clone/Resource_booking/config/initializers/filter_parameter_logging.rb": [
        null,
        null,
        null,
        1
      ],
      "/home/amura/change1/clone/Resource_booking/config/initializers/inflections.rb": [
        null,
        null,
        null,
        null,
        null,
        null,
        null,
        null,
        null,
        null,
        null,
        null,
        null,
        null,
        null,
        null
      ],
      "/home/amura/change1/clone/Resource_booking/config/initializers/mime_types.rb": [
        null,
        null,
        null,
        null
      ],
      "/home/amura/change1/clone/Resource_booking/config/initializers/session_store.rb": [
        null,
        null,
        1
      ],
      "/home/amura/change1/clone/Resource_booking/config/initializers/simple_form.rb": [
        null,
        1,
        null,
        null,
        null,
        null,
        null,
        1,
        null,
        null,
        null,
        null,
        null,
        null,
        null,
        null,
        null,
        1,
        null,
        null,
        null,
        1,
        null,
        null,
        null,
        null,
        null,
        null,
        null,
        null,
        1,
        null,
        null,
        1,
        null,
        null,
        1,
        null,
        null,
        1,
        null,
        null,
        1,
        1,
        1,
        null,
        null,
        null,
        null,
        null,
        null,
        null,
        null,
        null,
        1,
        null,
        null,
        null,
        null,
        null,
        1,
        null,
        null,
        1,
        null,
        null,
        null,
        null,
        null,
        null,
        null,
        1,
        null,
        null,
        1,
        null,
        null,
        null,
        null,
        null,
        null,
        null,
        null,
        null,
        null,
        null,
        null,
        null,
        null,
        null,
        null,
        null,
        null,
        null,
        null,
        null,
        null,
        null,
        null,
        null,
        null,
        null,
        null,
        null,
        null,
        null,
        null,
        null,
        null,
        null,
        null,
        null,
        null,
        null,
        null,
        null,
        null,
        null,
        null,
        1,
        null,
        null,
        null,
        null,
        null,
        null,
        null,
        null,
        null,
        null,
        null,
        null,
        null,
        null,
        null,
        null,
        null,
        null,
        null,
        null,
        null,
        null,
        null,
        null,
        null,
        null,
        null,
        null,
        null,
        null,
        null,
        null,
        null,
        null,
        null,
        null,
        1,
        null,
        null,
        null,
        null,
        null,
        null,
        null,
        null
      ],
      "/home/amura/change1/clone/Resource_booking/config/initializers/simple_form_bootstrap.rb": [
        null,
        1,
        1,
        1,
        1,
        null,
        1,
        1,
        1,
        1,
        1,
        1,
        1,
        1,
        null,
        1,
        1,
        1,
        null,
        null,
        1,
        1,
        1,
        1,
        1,
        1,
        null,
        1,
        1,
        1,
        null,
        null,
        1,
        1,
        1,
        null,
        1,
        1,
        null,
        null,
        1,
        1,
        null,
        null,
        1,
        1,
        1,
        1,
        1,
        1,
        1,
        null,
        null,
        1,
        1,
        1,
        1,
        1,
        1,
        1,
        1,
        null,
        1,
        1,
        1,
        1,
        null,
        null,
        null,
        1,
        1,
        1,
        1,
        1,
        1,
        null,
        1,
        1,
        1,
        1,
        null,
        null,
        null,
        1,
        1,
        1,
        null,
        1,
        1,
        1,
        null,
        null,
        1,
        1,
        null,
        null,
        null,
        1,
        1,
        1,
        null,
        1,
        null,
        1,
        1,
        1,
        1,
        null,
        null,
        null,
        1,
        1,
        1,
        1,
        1,
        1,
        1,
        1,
        null,
        1,
        1,
        1,
        null,
        null,
        1,
        1,
        1,
        1,
        1,
        1,
        1,
        1,
        null,
        null,
        null,
        null,
        null,
        null,
        1,
        1,
        null,
        null,
        null,
        null,
        null,
        null,
        null,
        null,
        null
      ],
      "/home/amura/change1/clone/Resource_booking/config/initializers/wrap_parameters.rb": [
        null,
        null,
        null,
        null,
        null,
        null,
        1,
        1,
        null,
        null,
        null,
        null,
        null,
        null
      ],
      "/home/amura/change1/clone/Resource_booking/spec/factories/bookings.rb": [
        1,
        null,
        1,
        1,
        1,
        1,
        1,
        1,
        1,
        null,
        null,
        null
      ],
      "/home/amura/change1/clone/Resource_booking/spec/factories/companies.rb": [
        1,
        null,
        null,
        null,
        null,
        null,
        null,
        1,
        1,
        11,
        11,
        11,
        11,
        11,
        1,
        10,
        10,
        10,
        null,
        10,
        null,
        null,
        null,
        null,
        null,
        null
      ],
      "/home/amura/change1/clone/Resource_booking/spec/factories/complaints.rb": [
        1,
        null,
        1,
        1,
        101,
        101,
        null,
        null,
        null
      ],
      "/home/amura/change1/clone/Resource_booking/spec/factories/employees.rb": [
        1,
        null,
        1,
        1,
        101,
        101,
        101,
        101,
        101,
        101,
        1,
        null,
        null
      ],
      "/home/amura/change1/clone/Resource_booking/spec/factories/resources.rb": [
        1,
        1,
        null,
        1,
        1,
        901,
        101,
        null,
        null
      ],
      "/home/amura/change1/clone/Resource_booking/spec/factories/roles.rb": [
        1,
        null,
        1,
        1,
        271,
        31,
        null,
        31,
        null,
        null
      ],
      "/home/amura/change1/clone/Resource_booking/config/routes.rb": [
        1,
        null,
        null,
        null,
        null,
        null,
        null,
        null,
        null,
        1,
        1,
        1,
        1,
        1,
        1,
        null,
        1,
        1,
        null,
        null,
        null,
        1,
        1,
        null,
        1,
        null,
        null,
        null,
        null,
        null,
        null,
        null,
        null,
        null,
        null,
        null,
        null,
        null,
        null,
        null,
        null,
        null,
        null,
        null,
        null,
        null,
        null,
        null,
        null,
        null,
        null,
        null,
        null,
        null,
        null,
        null,
        null,
        null,
        null,
        null,
        null,
        null,
        null,
        null,
        null,
        null,
        null,
        null,
        null,
        null,
        null,
        null,
        null,
        null,
        null,
        null
      ],
      "/home/amura/change1/clone/Resource_booking/app/models/employee.rb": [
        null,
        null,
        null,
        null,
        null,
        1,
        null,
        null,
        null,
        null,
        1,
        null,
        null,
        1,
        1,
        1,
        1,
        1,
        1,
        1,
        null,
        1,
        1,
        1,
        null,
        null,
        1,
        null,
        null,
        1,
        null,
        11,
        1,
        0,
        0,
        0,
        0,
        null,
        null,
        null,
        null,
        null,
        null,
        null,
        null,
        1,
        200,
        null,
        null,
        null,
        null,
        null,
        null,
        null,
        null,
        1,
        0,
        null,
        null,
        null,
        null,
        null,
        null,
        null,
        null,
        1,
        0,
        null,
        null,
        null,
        null,
        1,
        0,
        null,
        1,
        0,
        null,
        1,
        0,
        null,
        1,
        null,
        null,
        null,
        null,
        null,
        null,
        null,
        1,
        120,
        120,
        null,
        null,
        null
      ],
      "/home/amura/change1/clone/Resource_booking/app/helpers/admin/employees_helper.rb": [
        null,
        null,
        null,
        null,
        null,
        1,
        null,
        null,
        null,
        1,
        0,
        null,
        null,
        null,
        null,
        null,
        null,
        null,
        null,
        1,
        0,
        0,
        0,
        0,
        0,
        null,
        null,
        null,
        null,
        null,
        null,
        null,
        null,
        null,
        null,
        1,
        0,
        0,
        0,
        0,
        null,
        null,
        null,
        null,
        null,
        null,
        null,
        null,
        null,
        1,
        0,
        null,
        null,
        null,
        null,
        null,
        null,
        null,
        1,
        0,
        null,
        null
      ],
      "/home/amura/change1/clone/Resource_booking/app/helpers/admin/resources_helper.rb": [
        null,
        null,
        null,
        null,
        null,
        1,
        null,
        null,
        null,
        null,
        null,
        null,
        null,
        null,
        1,
        0,
        0,
        0,
        null,
        null,
        null,
        null,
        null,
        null,
        null,
        1,
        0,
        null,
        null,
        null,
        null,
        null,
        null,
        null,
        null,
        null,
        1,
        0,
        0,
        0,
        0,
        null,
        null
      ],
      "/home/amura/change1/clone/Resource_booking/app/helpers/admin/roles_helper.rb": [
        null,
        null,
        null,
        null,
        null,
        1,
        null
      ],
      "/home/amura/change1/clone/Resource_booking/app/helpers/application_helper.rb": [
        1,
        1,
        null
      ],
      "/home/amura/change1/clone/Resource_booking/app/helpers/bookings_helper.rb": [
        1,
        null,
        1,
        null,
        null,
        0,
        null,
        0,
        null,
        0,
        null,
        0,
        0,
        null,
        null,
        1,
        0,
        null,
        null,
        null,
        null,
        null,
        null
      ],
      "/home/amura/change1/clone/Resource_booking/app/helpers/company_helper.rb": [
        1,
        1,
        0,
        0,
        0,
        null,
        null
      ],
      "/home/amura/change1/clone/Resource_booking/app/helpers/complaints_helper.rb": [
        1,
        null,
        1,
        null,
        null,
        0,
        null,
        0,
        0,
        null,
        null,
        1,
        0,
        0,
        null,
        null
      ],
      "/home/amura/change1/clone/Resource_booking/app/helpers/employees_helper.rb": [
        1,
        null
      ],
      "/home/amura/change1/clone/Resource_booking/spec/support/factory_girl.rb": [
        1,
        1,
        null
      ],
      "/home/amura/change1/clone/Resource_booking/spec/support/controller_macros.rb": [
        1,
        1,
        0,
        0,
        0,
        0,
        0,
        0,
        null,
        null,
        null,
        null,
        1,
        1,
        10,
        10,
        10,
        10,
        10,
        null,
        null,
        null
      ],
      "/home/amura/change1/clone/Resource_booking/app/controllers/bookings_controller.rb": [
        null,
        null,
        null,
        null,
        null,
        1,
        null,
        null,
        1,
        null,
        null,
        null,
        1,
        null,
        null,
        null,
        null,
        null,
        null,
        null,
        null,
        1,
        1,
        1,
        1,
        null,
        null,
        null,
        null,
        null,
        null,
        null,
        null,
        null,
        1,
        1,
        1,
        1,
        null,
        null,
        null,
        null,
        null,
        null,
        null,
        1,
        2,
        2,
        2,
        1,
        1,
        null,
        1,
        null,
        null,
        null,
        null,
        null,
        null,
        null,
        null,
        null,
        null,
        1,
        1,
        null,
        null,
        null,
        null,
        null,
        null,
        null,
        null,
        null,
        1,
        0,
        null,
        null,
        null,
        null,
        null,
        null,
        null,
        null,
        null,
        1,
        3,
        3,
        2,
        1,
        1,
        null,
        1,
        1,
        null,
        null,
        1,
        1,
        null,
        null,
        null,
        null,
        null,
        null,
        null,
        null,
        null,
        null,
        1,
        1,
        1,
        null,
        0,
        null,
        1,
        null,
        null,
        null,
        null,
        null,
        null,
        1,
        0,
        null,
        null,
        null,
        null,
        null,
        null,
        1,
        0,
        0,
        null,
        null,
        1,
        null,
        null,
        null,
        null,
        null,
        null,
        null,
        null,
        null,
        null,
        null,
        null,
        1,
        6,
        null,
        null,
        null,
        null,
        null
      ],
      "/home/amura/change1/clone/Resource_booking/app/controllers/application_controller.rb": [
        1,
        1,
        null,
        1,
        1,
        1,
        1,
        14,
        null,
        null,
        1,
        0,
        null,
        null,
        1,
        null,
        1,
        0,
        null,
        null,
        1,
        9,
        null,
        null,
        1,
        0,
        null,
        null
      ],
      "/home/amura/change1/clone/Resource_booking/app/models/company.rb": [
        null,
        null,
        null,
        1,
        1,
        10,
        0,
        null,
        null,
        null,
        null,
        null,
        null,
        null,
        null,
        null,
        1,
        null,
        1,
        1,
        1,
        1,
        1,
        null,
        null,
        1,
        null,
        null,
        1,
        null,
        null,
        1,
        null,
        1,
        1,
        1,
        null,
        null,
        null,
        1,
        1,
        null,
        null,
        null,
        null,
        null,
        null,
        null,
        1,
        2,
        null,
        null,
        1,
        null,
        null,
        null,
        null,
        null,
        null,
        null,
        1,
        10,
        10,
        null,
        null,
        null,
        null,
        null,
        null,
        null,
        null,
        null,
        1,
        10,
        10,
        null,
        null,
        null,
        null,
        null,
        null,
        null,
        null,
        1,
        10,
        null,
        10,
        10,
        10,
        10,
        0,
        null,
        10,
        10,
        null,
        null,
        null,
        0,
        null,
        null,
        null,
        null,
        null,
        null,
        null,
        null,
        null,
        1,
        20,
        0,
        0,
        null,
        20,
        null,
        null,
        null,
        null,
        null
      ],
      "/home/amura/change1/clone/Resource_booking/app/models/role.rb": [
        null,
        null,
        null,
        null,
        null,
        1,
        null,
        1,
        1,
        null,
        null,
        1,
        1,
        null,
        1,
        1,
        null,
        null,
        1,
        null,
        null,
        1,
        1,
        null,
        1,
        null,
        null,
        null,
        null,
        null,
        null,
        null,
        1,
        30,
        0,
        null,
        null,
        null,
        null,
        null,
        null,
        null,
        null,
        null,
        1,
        0,
        0,
        0,
        0,
        0,
        null,
        null,
        null,
        null,
        null,
        null,
        null,
        null,
        null,
        null,
        1,
        30,
        0,
        null,
        null,
        null,
        null,
        null,
        null,
        null,
        null,
        null,
        1,
        30,
        30,
        30,
        null,
        null,
        null,
        null
      ],
      "/home/amura/change1/clone/Resource_booking/app/models/resource.rb": [
        null,
        null,
        null,
        null,
        null,
        1,
        null,
        null,
        1,
        1,
        1,
        null,
        null,
        1,
        1,
        null,
        null,
        null,
        null,
        null,
        null,
        null,
        1,
        10,
        10,
        10,
        10,
        10,
        10,
        10,
        10,
        10,
        10,
        10,
        10,
        10,
        10,
        10,
        10,
        10,
        null,
        10,
        null,
        null,
        null,
        null,
        null,
        null,
        null,
        null,
        null,
        1,
        10,
        10,
        10,
        10,
        10,
        0,
        null,
        null,
        null,
        0,
        null,
        10,
        null,
        null,
        null,
        null,
        null,
        null,
        null,
        null,
        1,
        0,
        0,
        0,
        null,
        null,
        null,
        null
      ],
      "/home/amura/change1/clone/Resource_booking/app/models/complaint.rb": [
        null,
        null,
        null,
        null,
        null,
        1,
        null,
        null,
        1,
        1,
        1,
        null,
        null,
        1,
        1,
        1,
        null,
        null
      ],
      "/home/amura/change1/clone/Resource_booking/app/models/booking.rb": [
        null,
        null,
        null,
        null,
        null,
        null,
        1,
        null,
        null,
        1,
        null,
        null,
        1,
        1,
        1,
        null,
        null,
        null,
        1,
        null,
        null,
        1,
        1,
        1,
        1,
        null,
        null,
        null,
        1,
        null,
        1,
        null,
        null,
        null,
        null,
        null,
        null,
        1,
        10,
        0,
        null,
        null,
        null,
        null,
        null,
        null,
        null,
        null,
        null,
        1,
        10,
        0,
        null,
        null,
        null,
        null,
        null,
        null,
        null,
        null,
        null,
        1,
        10,
        1,
        0,
        null,
        1,
        null,
        1,
        0,
        0,
        null,
        null,
        null,
        null,
        null,
        null,
        null,
        null,
        null,
        null,
        null,
        1,
        10,
        10,
        10,
        null,
        1,
        null,
        null,
        null,
        null,
        null,
        null,
        null,
        1,
        10,
        0,
        0,
        null,
        null,
        null,
        null,
        null,
        null,
        null,
        null,
        null,
        null,
        1,
        0,
        0,
        null,
        0,
        null,
        null,
        null,
        null,
        null,
        null,
        null,
        1,
        50,
        0,
        0,
        null,
        50,
        0,
        0,
        null,
        50,
        null,
        null,
        null,
        null,
        null,
        null,
        null,
        1,
        10,
        10,
        null,
        null,
        null,
        null,
        null,
        null,
        null,
        null,
        1,
        1,
        1,
        1,
        1,
        0,
        0,
        0,
        0,
        0,
        0,
        0,
        0,
        0,
        0,
        0,
        null,
        0,
        0,
        null,
        0,
        0,
        null,
        null,
        null,
        0,
        null,
        null,
        1,
        null,
        null,
        null
      ],
      "/home/amura/change1/clone/Resource_booking/app/models/ability.rb": [
        null,
        null,
        null,
        null,
        null,
        1,
        null,
        1,
        null,
        null,
        null,
        null,
        null,
        null,
        1,
        null,
        null,
        9,
        null,
        null,
        9,
        9,
        9,
        9,
        0,
        0,
        0,
        null,
        9,
        9,
        9,
        9,
        9,
        null,
        null,
        0,
        0,
        null,
        null,
        null
      ]
    },
    "timestamp": 1476254743
  }
}
